Determining if the CL_VERSION_2_2 exist failed with the following output:
Change Dir: /Users/jackkilrain/Desktop/Projects/C:C++/CLiR/CMakeFiles/CMakeScratch/TryCompile-SGDlad

Run Build Command(s):/usr/bin/make -f Makefile cmTC_0b8d9/fast && /Applications/Xcode.app/Contents/Developer/usr/bin/make  -f CMakeFiles/cmTC_0b8d9.dir/build.make CMakeFiles/cmTC_0b8d9.dir/build
Building C object CMakeFiles/cmTC_0b8d9.dir/CheckSymbolExists.c.o
/Applications/Xcode.app/Contents/Developer/Toolchains/XcodeDefault.xctoolchain/usr/bin/cc  -F/Applications/Xcode.app/Contents/Developer/Platforms/MacOSX.platform/Developer/SDKs/MacOSX13.1.sdk/System/Library/Frameworks -isysroot /Applications/Xcode.app/Contents/Developer/Platforms/MacOSX.platform/Developer/SDKs/MacOSX13.1.sdk -mmacosx-version-min=13.0 -std=gnu17 -MD -MT CMakeFiles/cmTC_0b8d9.dir/CheckSymbolExists.c.o -MF CMakeFiles/cmTC_0b8d9.dir/CheckSymbolExists.c.o.d -o CMakeFiles/cmTC_0b8d9.dir/CheckSymbolExists.c.o -c /Users/jackkilrain/Desktop/Projects/C:C++/CLiR/CMakeFiles/CMakeScratch/TryCompile-SGDlad/CheckSymbolExists.c
/Users/jackkilrain/Desktop/Projects/C:C++/CLiR/CMakeFiles/CMakeScratch/TryCompile-SGDlad/CheckSymbolExists.c:8:19: error: use of undeclared identifier 'CL_VERSION_2_2'
  return ((int*)(&CL_VERSION_2_2))[argc];
                  ^
1 error generated.
make[1]: *** [CMakeFiles/cmTC_0b8d9.dir/CheckSymbolExists.c.o] Error 1
make: *** [cmTC_0b8d9/fast] Error 2


File CheckSymbolExists.c:
/* */
#include </Applications/Xcode.app/Contents/Developer/Platforms/MacOSX.platform/Developer/SDKs/MacOSX13.1.sdk/System/Library/Frameworks/OpenCL.framework/Headers/cl.h>

int main(int argc, char** argv)
{
  (void)argv;
#ifndef CL_VERSION_2_2
  return ((int*)(&CL_VERSION_2_2))[argc];
#else
  (void)argc;
  return 0;
#endif
}

Determining if the CL_VERSION_2_1 exist failed with the following output:
Change Dir: /Users/jackkilrain/Desktop/Projects/C:C++/CLiR/CMakeFiles/CMakeScratch/TryCompile-DdehTC

Run Build Command(s):/usr/bin/make -f Makefile cmTC_d0ae6/fast && /Applications/Xcode.app/Contents/Developer/usr/bin/make  -f CMakeFiles/cmTC_d0ae6.dir/build.make CMakeFiles/cmTC_d0ae6.dir/build
Building C object CMakeFiles/cmTC_d0ae6.dir/CheckSymbolExists.c.o
/Applications/Xcode.app/Contents/Developer/Toolchains/XcodeDefault.xctoolchain/usr/bin/cc  -F/Applications/Xcode.app/Contents/Developer/Platforms/MacOSX.platform/Developer/SDKs/MacOSX13.1.sdk/System/Library/Frameworks -isysroot /Applications/Xcode.app/Contents/Developer/Platforms/MacOSX.platform/Developer/SDKs/MacOSX13.1.sdk -mmacosx-version-min=13.0 -std=gnu17 -MD -MT CMakeFiles/cmTC_d0ae6.dir/CheckSymbolExists.c.o -MF CMakeFiles/cmTC_d0ae6.dir/CheckSymbolExists.c.o.d -o CMakeFiles/cmTC_d0ae6.dir/CheckSymbolExists.c.o -c /Users/jackkilrain/Desktop/Projects/C:C++/CLiR/CMakeFiles/CMakeScratch/TryCompile-DdehTC/CheckSymbolExists.c
/Users/jackkilrain/Desktop/Projects/C:C++/CLiR/CMakeFiles/CMakeScratch/TryCompile-DdehTC/CheckSymbolExists.c:8:19: error: use of undeclared identifier 'CL_VERSION_2_1'
  return ((int*)(&CL_VERSION_2_1))[argc];
                  ^
1 error generated.
make[1]: *** [CMakeFiles/cmTC_d0ae6.dir/CheckSymbolExists.c.o] Error 1
make: *** [cmTC_d0ae6/fast] Error 2


File CheckSymbolExists.c:
/* */
#include </Applications/Xcode.app/Contents/Developer/Platforms/MacOSX.platform/Developer/SDKs/MacOSX13.1.sdk/System/Library/Frameworks/OpenCL.framework/Headers/cl.h>

int main(int argc, char** argv)
{
  (void)argv;
#ifndef CL_VERSION_2_1
  return ((int*)(&CL_VERSION_2_1))[argc];
#else
  (void)argc;
  return 0;
#endif
}

Determining if the CL_VERSION_2_0 exist failed with the following output:
Change Dir: /Users/jackkilrain/Desktop/Projects/C:C++/CLiR/CMakeFiles/CMakeScratch/TryCompile-hRMgLf

Run Build Command(s):/usr/bin/make -f Makefile cmTC_a82ae/fast && /Applications/Xcode.app/Contents/Developer/usr/bin/make  -f CMakeFiles/cmTC_a82ae.dir/build.make CMakeFiles/cmTC_a82ae.dir/build
Building C object CMakeFiles/cmTC_a82ae.dir/CheckSymbolExists.c.o
/Applications/Xcode.app/Contents/Developer/Toolchains/XcodeDefault.xctoolchain/usr/bin/cc  -F/Applications/Xcode.app/Contents/Developer/Platforms/MacOSX.platform/Developer/SDKs/MacOSX13.1.sdk/System/Library/Frameworks -isysroot /Applications/Xcode.app/Contents/Developer/Platforms/MacOSX.platform/Developer/SDKs/MacOSX13.1.sdk -mmacosx-version-min=13.0 -std=gnu17 -MD -MT CMakeFiles/cmTC_a82ae.dir/CheckSymbolExists.c.o -MF CMakeFiles/cmTC_a82ae.dir/CheckSymbolExists.c.o.d -o CMakeFiles/cmTC_a82ae.dir/CheckSymbolExists.c.o -c /Users/jackkilrain/Desktop/Projects/C:C++/CLiR/CMakeFiles/CMakeScratch/TryCompile-hRMgLf/CheckSymbolExists.c
/Users/jackkilrain/Desktop/Projects/C:C++/CLiR/CMakeFiles/CMakeScratch/TryCompile-hRMgLf/CheckSymbolExists.c:8:19: error: use of undeclared identifier 'CL_VERSION_2_0'
  return ((int*)(&CL_VERSION_2_0))[argc];
                  ^
1 error generated.
make[1]: *** [CMakeFiles/cmTC_a82ae.dir/CheckSymbolExists.c.o] Error 1
make: *** [cmTC_a82ae/fast] Error 2


File CheckSymbolExists.c:
/* */
#include </Applications/Xcode.app/Contents/Developer/Platforms/MacOSX.platform/Developer/SDKs/MacOSX13.1.sdk/System/Library/Frameworks/OpenCL.framework/Headers/cl.h>

int main(int argc, char** argv)
{
  (void)argv;
#ifndef CL_VERSION_2_0
  return ((int*)(&CL_VERSION_2_0))[argc];
#else
  (void)argc;
  return 0;
#endif
}

